<?xml version="1.0" encoding="UTF-8"?>
<!-- Generated by org.testng.reporters.JUnitXMLReporter -->
<testsuite ignored="0" hostname="LAPTOP-GDME1HR9" failures="0" tests="5" name="Default test" time="0.074" errors="0" timestamp="2024-04-01T23:23:30 IST">
  <testcase classname="VtappTestng.TNG.OperationTest" name="testAddition" time="0.02"/>
  <testcase classname="VtappTestng.TNG.OperationTest" name="testDivision" time="0.001"/>
  <testcase classname="VtappTestng.TNG.OperationTest" name="testDivisionByZero" time="0.003"/>
  <testcase classname="VtappTestng.TNG.OperationTest" name="testMultiplication" time="0.001"/>
  <testcase classname="VtappTestng.TNG.OperationTest" name="testSubtraction" time="0.001"/>
</testsuite> <!-- Default test -->
