<?xml version="1.0" encoding="UTF-8"?>
<testng-results ignored="0" total="5" passed="5" failed="0" skipped="0">
  <reporter-output>
  </reporter-output>
  <suite started-at="2024-04-01T23:23:30 IST" name="Default suite" finished-at="2024-04-01T23:23:30 IST" duration-ms="74">
    <groups>
    </groups>
    <test started-at="2024-04-01T23:23:30 IST" name="Default test" finished-at="2024-04-01T23:23:30 IST" duration-ms="74">
      <class name="VtappTestng.TNG.OperationTest">
        <test-method signature="testAddition()[pri:0, instance:VtappTestng.TNG.OperationTest@384ad17b]" started-at="2024-04-01T23:23:30 IST" name="testAddition" finished-at="2024-04-01T23:23:30 IST" duration-ms="20" status="PASS">
          <reporter-output>
          </reporter-output>
        </test-method> <!-- testAddition -->
        <test-method signature="testDivision()[pri:0, instance:VtappTestng.TNG.OperationTest@384ad17b]" started-at="2024-04-01T23:23:30 IST" name="testDivision" finished-at="2024-04-01T23:23:30 IST" duration-ms="1" status="PASS">
          <reporter-output>
          </reporter-output>
        </test-method> <!-- testDivision -->
        <test-method signature="testDivisionByZero()[pri:0, instance:VtappTestng.TNG.OperationTest@384ad17b]" started-at="2024-04-01T23:23:30 IST" name="testDivisionByZero" finished-at="2024-04-01T23:23:30 IST" duration-ms="3" status="PASS">
          <exception class="java.lang.IllegalArgumentException">
            <message>
              <![CDATA[Cannot divide by zero!]]>
            </message>
            <full-stacktrace>
              <![CDATA[java.lang.IllegalArgumentException: Cannot divide by zero!
at VtappTestng.TNG.Operation1.divide(Operation1.java:20)
at VtappTestng.TNG.OperationTest.testDivisionByZero(OperationTest.java:39)
at java.base/jdk.internal.reflect.DirectMethodHandleAccessor.invoke(DirectMethodHandleAccessor.java:104)
at java.base/java.lang.reflect.Method.invoke(Method.java:578)
at org.testng.internal.invokers.MethodInvocationHelper.invokeMethod(MethodInvocationHelper.java:139)
at org.testng.internal.invokers.TestInvoker.invokeMethod(TestInvoker.java:664)
at org.testng.internal.invokers.TestInvoker.invokeTestMethod(TestInvoker.java:228)
at org.testng.internal.invokers.MethodRunner.runInSequence(MethodRunner.java:63)
at org.testng.internal.invokers.TestInvoker$MethodInvocationAgent.invoke(TestInvoker.java:961)
at org.testng.internal.invokers.TestInvoker.invokeTestMethods(TestInvoker.java:201)
at org.testng.internal.invokers.TestMethodWorker.invokeTestMethods(TestMethodWorker.java:148)
at org.testng.internal.invokers.TestMethodWorker.run(TestMethodWorker.java:128)
at java.base/java.util.ArrayList.forEach(ArrayList.java:1511)
at org.testng.TestRunner.privateRun(TestRunner.java:819)
at org.testng.TestRunner.run(TestRunner.java:619)
at org.testng.SuiteRunner.runTest(SuiteRunner.java:443)
at org.testng.SuiteRunner.runSequentially(SuiteRunner.java:437)
at org.testng.SuiteRunner.privateRun(SuiteRunner.java:397)
at org.testng.SuiteRunner.run(SuiteRunner.java:336)
at org.testng.SuiteRunnerWorker.runSuite(SuiteRunnerWorker.java:52)
at org.testng.SuiteRunnerWorker.run(SuiteRunnerWorker.java:95)
at org.testng.TestNG.runSuitesSequentially(TestNG.java:1301)
at org.testng.TestNG.runSuitesLocally(TestNG.java:1228)
at org.testng.TestNG.runSuites(TestNG.java:1134)
at org.testng.TestNG.run(TestNG.java:1101)
at org.testng.remote.AbstractRemoteTestNG.run(AbstractRemoteTestNG.java:115)
at org.testng.remote.RemoteTestNG.initAndRun(RemoteTestNG.java:251)
at org.testng.remote.RemoteTestNG.main(RemoteTestNG.java:77)
]]>
            </full-stacktrace>
          </exception> <!-- java.lang.IllegalArgumentException -->
          <reporter-output>
          </reporter-output>
        </test-method> <!-- testDivisionByZero -->
        <test-method signature="testMultiplication()[pri:0, instance:VtappTestng.TNG.OperationTest@384ad17b]" started-at="2024-04-01T23:23:30 IST" name="testMultiplication" finished-at="2024-04-01T23:23:30 IST" duration-ms="1" status="PASS">
          <reporter-output>
          </reporter-output>
        </test-method> <!-- testMultiplication -->
        <test-method signature="testSubtraction()[pri:0, instance:VtappTestng.TNG.OperationTest@384ad17b]" started-at="2024-04-01T23:23:30 IST" name="testSubtraction" finished-at="2024-04-01T23:23:30 IST" duration-ms="1" status="PASS">
          <reporter-output>
          </reporter-output>
        </test-method> <!-- testSubtraction -->
      </class> <!-- VtappTestng.TNG.OperationTest -->
    </test> <!-- Default test -->
  </suite> <!-- Default suite -->
</testng-results>
